<?xml version="1.0" encoding="utf-8"?><testsuites><testsuite name="pytest" errors="0" failures="0" skipped="0" tests="40" time="0.254" timestamp="2024-10-22T14:29:49.301047-04:00" hostname="LAPTOP-N4VBN179"><testcase classname="cg01_my_first_script.test_employee_01" name="test_base_annual_salary" time="0.003" /><testcase classname="cg01_my_first_script.test_employee_01" name="test_base_annual_salary_less_than_45k" time="0.001" /><testcase classname="cg01_my_first_script.test_employee_01" name="test_base_annual_salary_greater_than_120k" time="0.001" /><testcase classname="cg01_my_first_script.test_my_first_test_case_magic" name="test_get_a_numer" time="0.001" /><testcase classname="cg01_my_first_script.test_my_first_test_case_magic" name="test_get_double" time="0.001" /><testcase classname="cg01_my_first_script.test_my_first_test_case_magic" name="test_get_a_list" time="0.001" /><testcase classname="cg02_assertions.test_assertions_01_employee_01" name="test_base_annual_salary" time="0.001" /><testcase classname="cg02_assertions.test_assertions_01_employee_01" name="test_employee_name" time="0.001" /><testcase classname="cg02_assertions.test_assertions_02_calculator_01" name="test_addition" time="0.001" /><testcase classname="cg02_assertions.test_assertions_03_magic_01" name="test_magic_get_a_number_1" time="0.001" /><testcase classname="cg02_assertions.test_assertions_03_magic_01" name="test_magic_get_a_number_2" time="0.001" /><testcase classname="cg02_assertions.test_assertions_03_magic_01" name="test_magic_get_double" time="0.001" /><testcase classname="cg02_assertions.test_assertions_03_magic_01" name="test_get_a_list" time="0.001" /><testcase classname="cg02_assertions.test_assertions_04_calculator_02" name="test_division" time="0.001" /><testcase classname="cg02_assertions.test_assertions_04_calculator_02" name="test_division_2" time="0.001" /><testcase classname="cg02_assertions.test_assertions_05" name="test_employee_information_01" time="0.001" /><testcase classname="cg03_identifying_tests.identification_01_test" name="test_my_test_1" time="0.002" /><testcase classname="cg03_identifying_tests.test_identification_01" name="test_my_test_1" time="0.001" /><testcase classname="cg03_identifying_tests.test_identification_01_c.TestSimple" name="test_my_test_1" time="0.001" /><testcase classname="cg04_skipping_tests.test_skip_xfail_01_employee_01" name="test_boolean_1" time="0.001" /><testcase classname="cg04_skipping_tests.test_skip_xfail_01_employee_01" name="test_boolean_2" time="0.001" /><testcase classname="cg04_skipping_tests.test_skip_xfail_01_employee_01" name="test_boolean_3" time="0.001" /><testcase classname="cg05_parameterization.test_parameterization_calculator_01" name="test_difference[50-20-30]" time="0.001" /><testcase classname="cg05_parameterization.test_parameterization_calculator_01" name="test_difference[30-20-10]" time="0.001" /><testcase classname="cg05_parameterization.test_parameterization_calculator_01" name="test_difference[-50-20--70]" time="0.001" /><testcase classname="cg06_test_fixtures.test_fixtures_01_calculator_01" name="test_addition" time="0.001" /><testcase classname="cg06_test_fixtures.test_fixtures_01_calculator_01" name="test_difference" time="0.001" /><testcase classname="cg06_test_fixtures.test_fixtures_01_calculator_01" name="test_multiply" time="0.001" /><testcase classname="cg06_test_fixtures.test_fixtures_02_calculator_02_with_fixture" name="test_addition" time="0.001" /><testcase classname="cg06_test_fixtures.test_fixtures_02_calculator_02_with_fixture" name="test_difference" time="0.001" /><testcase classname="cg06_test_fixtures.test_fixtures_02_calculator_02_with_fixture" name="test_multiply" time="0.001" /><testcase classname="cg07_categorizing_tests.test_categorization_01_calculator_addition_01" name="test_addition_100" time="0.001" /><testcase classname="cg07_categorizing_tests.test_categorization_01_calculator_addition_01" name="test_addition_200" time="0.001" /><testcase classname="cg07_categorizing_tests.test_categorization_01_calculator_addition_01" name="test_addition_300" time="0.001" /><testcase classname="cg07_categorizing_tests.test_categorization_02_calculator_diff_01" name="test_diff_100" time="0.001" /><testcase classname="cg07_categorizing_tests.test_categorization_02_calculator_diff_01" name="test_diff_200" time="0.001" /><testcase classname="cg07_categorizing_tests.test_categorization_02_calculator_diff_01" name="test_diff_300" time="0.001" /><testcase classname="cg07_categorizing_tests.test_categorization_03_calculator_multiply_01" name="test_multiply_100" time="0.001" /><testcase classname="cg07_categorizing_tests.test_categorization_03_calculator_multiply_01" name="test_multiply_200" time="0.001" /><testcase classname="cg07_categorizing_tests.test_categorization_03_calculator_multiply_01" name="test_multiply_300" time="0.001" /></testsuite></testsuites>